#
# A fatal error has been detected by the Java Runtime Environment:
#
#  EXCEPTION_ACCESS_VIOLATION (0xc0000005) at pc=0x0000000012994fba, pid=2056, tid=4264
#
# JRE version: 7.0_07-b10
# Java VM: Java HotSpot(TM) 64-Bit Server VM (23.3-b01 mixed mode windows-amd64 compressed oops)
# Problematic frame:
# C  [packet.dll+0x4fba]  PacketReceivePacket+0xa
#
# Failed to write core dump. Minidumps are not enabled by default on client versions of Windows
#
# If you would like to submit a bug report, please visit:
#   http://bugreport.sun.com/bugreport/crash.jsp
# The crash happened outside the Java Virtual Machine in native code.
# See problematic frame for where to report the bug.
#

---------------  T H R E A D  ---------------

Current thread (0x000000000df9e800):  JavaThread "Thread-2" [_thread_in_native, id=4264, stack(0x0000000015820000,0x0000000015920000)]

siginfo: ExceptionCode=0xc0000005, reading address 0x0000000000000170

Registers:
RAX=0x000000000e109918, RBX=0x0000000013798820, RCX=0x0000000000000000, RDX=0x000000000036e860
RSP=0x000000001591efc0, RBP=0x0000000000000001, RSI=0x000007fef1942330, RDI=0x0000000013798820
R8 =0x000007fef1942301, R9 =0x0000000000000000, R10=0x000007fef1942330, R11=0x000000000df4bba8
R12=0x000000000df9e9d8, R13=0x0000000000000000, R14=0x0000000000000001, R15=0x0000000000000000
RIP=0x0000000012994fba, EFLAGS=0x0000000000010206

Top of Stack: (sp=0x000000001591efc0)
0x000000001591efc0:   000000000245b8a0 0000000058430ad5
0x000000001591efd0:   000000000df9e800 000000005837eb5f
0x000000001591efe0:   000007fef1940000 00000007d5ee3e58
0x000000001591eff0:   0000000013798820 0000000013693be3
0x000000001591f000:   0000000013798820 00000000146d2cc0
0x000000001591f010:   00000000146d2cc0 0000000200000004
0x000000001591f020:   000000000df9e800 000000001591f170
0x000000001591f030:   000007fef1940000 0000000000000000
0x000000001591f040:   0000000013798820 0000000013694bc0
0x000000001591f050:   000000000df9e800 0000000000000000
0x000000001591f060:   000007fef1942330 000000001591f170
0x000000001591f070:   0000000000000000 000007fef1941c65
0x000000001591f080:   00000000588dab90 0000000000000001
0x000000001591f090:   000000001591f160 0000000000000001
0x000000001591f0a0:   000000077cdf0528 0000000000000000
0x000000001591f0b0:   00000000028e6374 00000000028f23a8 

Instructions: (pc=0x0000000012994fba)
0x0000000012994f9a:   34 00 00 00 00 c6 41 38 00 c3 cc cc cc cc cc cc
0x0000000012994faa:   cc cc cc cc cc cc 48 89 5c 24 08 57 48 83 ec 30
0x0000000012994fba:   8b 81 70 01 00 00 48 8b fa 48 8b d9 83 f8 10 75
0x0000000012994fca:   3e 8b 51 58 83 fa ff 74 12 48 8b 49 50 83 c8 ff 


Register to memory mapping:

RAX=0x000000000e109918 is a global jni handle
RBX=0x0000000013798820 is an unknown value
RCX=0x0000000000000000 is an unknown value
RDX=0x000000000036e860 is an unknown value
RSP=0x000000001591efc0 is pointing into the stack for thread: 0x000000000df9e800
RBP=0x0000000000000001 is an unknown value
RSI=0x000007fef1942330 is an unknown value
RDI=0x0000000013798820 is an unknown value
R8 =0x000007fef1942301 is an unknown value
R9 =0x0000000000000000 is an unknown value
R10=0x000007fef1942330 is an unknown value
R11=0x000000000df4bba8 is an unknown value
R12=0x000000000df9e9d8 is an unknown value
R13=0x0000000000000000 is an unknown value
R14=0x0000000000000001 is an unknown value
R15=0x0000000000000000 is an unknown value


Stack: [0x0000000015820000,0x0000000015920000],  sp=0x000000001591efc0,  free space=1019k
Native frames: (J=compiled Java code, j=interpreted, Vv=VM code, C=native code)
C  [packet.dll+0x4fba]  PacketReceivePacket+0xa

Java frames: (J=compiled Java code, j=interpreted, Vv=VM code)
j  jpcap.JpcapCaptor.processPacket(ILjpcap/PacketReceiver;)I+0
j  test.Netcaptor$2.run()V+18
j  java.lang.Thread.run()V+11
v  ~StubRoutines::call_stub

---------------  P R O C E S S  ---------------

Java Threads: ( => current thread )
=>0x000000000df9e800 JavaThread "Thread-2" [_thread_in_native, id=4264, stack(0x0000000015820000,0x0000000015920000)]
  0x0000000014669800 JavaThread "TimerQueue" daemon [_thread_blocked, id=3308, stack(0x0000000014fb0000,0x00000000150b0000)]
  0x000000000245d000 JavaThread "DestroyJavaVM" [_thread_blocked, id=5984, stack(0x00000000027e0000,0x00000000028e0000)]
  0x000000000e1a0800 JavaThread "AWT-EventQueue-0" [_thread_in_native, id=8596, stack(0x00000000116b0000,0x00000000117b0000)]
  0x000000000e10b000 JavaThread "AWT-Windows" daemon [_thread_in_native, id=7556, stack(0x000000000eef0000,0x000000000eff0000)]
  0x000000000e106000 JavaThread "AWT-Shutdown" [_thread_blocked, id=6480, stack(0x000000000e550000,0x000000000e650000)]
  0x000000000e100000 JavaThread "Java2D Disposer" daemon [_thread_blocked, id=2000, stack(0x000000000ed40000,0x000000000ee40000)]
  0x000000000df53000 JavaThread "Service Thread" daemon [_thread_blocked, id=2328, stack(0x000000000e960000,0x000000000ea60000)]
  0x000000000df49800 JavaThread "C2 CompilerThread1" daemon [_thread_blocked, id=7612, stack(0x000000000e7e0000,0x000000000e8e0000)]
  0x000000000df42000 JavaThread "C2 CompilerThread0" daemon [_thread_blocked, id=544, stack(0x000000000e2e0000,0x000000000e3e0000)]
  0x000000000df41000 JavaThread "Attach Listener" daemon [_thread_blocked, id=3348, stack(0x000000000e6b0000,0x000000000e7b0000)]
  0x000000000df40000 JavaThread "Signal Dispatcher" daemon [_thread_blocked, id=7948, stack(0x000000000e3f0000,0x000000000e4f0000)]
  0x000000000bef6800 JavaThread "Finalizer" daemon [_thread_blocked, id=8436, stack(0x000000000ddd0000,0x000000000ded0000)]
  0x000000000beee000 JavaThread "Reference Handler" daemon [_thread_blocked, id=8740, stack(0x000000000dca0000,0x000000000dda0000)]

Other Threads:
  0x000000000bee7800 VMThread [stack: 0x000000000dba0000,0x000000000dca0000] [id=7788]
  0x000000000df64000 WatcherThread [stack: 0x000000000eb60000,0x000000000ec60000] [id=8256]

VM state:not at safepoint (normal execution)

VM Mutex/Monitor currently owned by a thread: None

Heap
 PSYoungGen      total 37824K, used 25268K [0x00000007d5cb0000, 0x00000007d86e0000, 0x0000000800000000)
  eden space 32448K, 77% used [0x00000007d5cb0000,0x00000007d755d060,0x00000007d7c60000)
  from space 5376K, 0% used [0x00000007d81a0000,0x00000007d81a0000,0x00000007d86e0000)
  to   space 5376K, 0% used [0x00000007d7c60000,0x00000007d7c60000,0x00000007d81a0000)
 ParOldGen       total 86400K, used 0K [0x0000000781600000, 0x0000000786a60000, 0x00000007d5cb0000)
  object space 86400K, 0% used [0x0000000781600000,0x0000000781600000,0x0000000786a60000)
 PSPermGen       total 21248K, used 11868K [0x000000077c400000, 0x000000077d8c0000, 0x0000000781600000)
  object space 21248K, 55% used [0x000000077c400000,0x000000077cf97358,0x000000077d8c0000)

Card table byte_map: [0x00000000058e0000,0x0000000005d00000] byte_map_base: 0x0000000001cfe000

Polling page: 0x0000000000130000

Code Cache  [0x00000000028e0000, 0x0000000002b50000, 0x00000000058e0000)
 total_blobs=498 nmethods=65 adapters=384 free_code_cache=48545Kb largest_free_block=49684352

Compilation events (10 events):
Event: 17.866 Thread 0x000000000df49800 nmethod 61 0x0000000002977450 code [0x0000000002977580, 0x00000000029775f8]
Event: 17.866 Thread 0x000000000df42000 nmethod 60 0x00000000029771d0 code [0x0000000002977300, 0x0000000002977398]
Event: 22.768 Thread 0x000000000df49800   62             sun.awt.AWTAutoShutdown::isReadyToShutdown (35 bytes)
Event: 22.769 Thread 0x000000000df49800 nmethod 62 0x0000000002978a90 code [0x0000000002978be0, 0x0000000002978cc8]
Event: 23.996 Thread 0x000000000df42000   63             java.awt.EventQueue::getNextEventPrivate (76 bytes)
Event: 23.998 Thread 0x000000000df42000 nmethod 63 0x0000000002978590 code [0x00000000029786e0, 0x00000000029788c8]
Event: 25.860 Thread 0x000000000df49800   64   !         java.awt.Container::getMouseEventTargetImpl (255 bytes)
Event: 25.870 Thread 0x000000000df49800 nmethod 64 0x000000000297b6d0 code [0x000000000297b900, 0x000000000297ca88]
Event: 26.366 Thread 0x000000000df42000   65   !         sun.awt.AWTAutoShutdown::setToolkitBusy (124 bytes)
Event: 26.369 Thread 0x000000000df42000 nmethod 65 0x00000000029761d0 code [0x0000000002976360, 0x0000000002976cd0]

GC Heap History (0 events):
No events

Deoptimization events (4 events):
Event: 3.077 Thread 0x000000000e1a0800 Uncommon trap -34 fr.pc 0x0000000002951a10
Event: 3.077 Thread 0x000000000e1a0800 Uncommon trap -34 fr.pc 0x0000000002951a10
Event: 3.077 Thread 0x000000000e1a0800 Uncommon trap -34 fr.pc 0x0000000002951a10
Event: 3.751 Thread 0x000000000e1a0800 Uncommon trap -34 fr.pc 0x0000000002951a10

Internal exceptions (10 events):
Event: 3.760 Thread 0x000000000e1a0800 Threw 0x00000007d6183770 at C:\jdk7u1_64p\jdk7u7\hotspot\src\share\vm\prims\jvm.cpp:1166
Event: 14.491 Thread 0x000000000e1a0800 Threw 0x00000007d63af9d8 at C:\jdk7u1_64p\jdk7u7\hotspot\src\share\vm\prims\jvm.cpp:1166
Event: 14.491 Thread 0x000000000e1a0800 Threw 0x00000007d63b2d58 at C:\jdk7u1_64p\jdk7u7\hotspot\src\share\vm\prims\jvm.cpp:1166
Event: 14.492 Thread 0x000000000e1a0800 Threw 0x00000007d63b7318 at C:\jdk7u1_64p\jdk7u7\hotspot\src\share\vm\prims\jvm.cpp:1166
Event: 14.492 Thread 0x000000000e1a0800 Threw 0x00000007d63bdb20 at C:\jdk7u1_64p\jdk7u7\hotspot\src\share\vm\prims\jvm.cpp:1166
Event: 14.493 Thread 0x000000000e1a0800 Threw 0x00000007d63c1e78 at C:\jdk7u1_64p\jdk7u7\hotspot\src\share\vm\prims\jvm.cpp:1166
Event: 14.493 Thread 0x000000000e1a0800 Threw 0x00000007d63c5890 at C:\jdk7u1_64p\jdk7u7\hotspot\src\share\vm\prims\jvm.cpp:1166
Event: 14.493 Thread 0x000000000e1a0800 Threw 0x00000007d63cb7c0 at C:\jdk7u1_64p\jdk7u7\hotspot\src\share\vm\prims\jvm.cpp:1166
Event: 14.494 Thread 0x000000000e1a0800 Threw 0x00000007d63cf900 at C:\jdk7u1_64p\jdk7u7\hotspot\src\share\vm\prims\jvm.cpp:1166
Event: 14.507 Thread 0x000000000e1a0800 Threw 0x00000007d63d6e00 at C:\jdk7u1_64p\jdk7u7\hotspot\src\share\vm\prims\jvm.cpp:1166

Events (10 events):
Event: 14.494 loading class 0x00000000146d2870 done
Event: 14.503 loading class 0x000000000df80300
Event: 14.503 loading class 0x000000000df80300 done
Event: 14.507 loading class 0x000000000e12d230
Event: 14.507 loading class 0x000000000e12d230 done
Event: 14.508 Thread 0x000000000df9e800 Thread added: 0x000000000df9e800
Event: 17.644 loading class 0x000000000e00e590
Event: 17.648 loading class 0x000000000e00e590 done
Event: 17.650 loading class 0x000000000e206f00
Event: 17.651 loading class 0x000000000e206f00 done


Dynamic libraries:
0x000000013f0d0000 - 0x000000013f104000 	C:\Program Files\Java\jdk1.7.0_07\bin\javaw.exe
0x0000000077540000 - 0x00000000776eb000 	C:\Windows\SYSTEM32\ntdll.dll
0x0000000077420000 - 0x000000007753f000 	C:\Windows\system32\kernel32.dll
0x000007fefd320000 - 0x000007fefd38b000 	C:\Windows\system32\KERNELBASE.dll
0x000007fefd920000 - 0x000007fefd9fb000 	C:\Windows\system32\ADVAPI32.dll
0x000007fefe690000 - 0x000007fefe72f000 	C:\Windows\system32\msvcrt.dll
0x000007fefe730000 - 0x000007fefe74f000 	C:\Windows\SYSTEM32\sechost.dll
0x000007fefd720000 - 0x000007fefd84e000 	C:\Windows\system32\RPCRT4.dll
0x0000000077320000 - 0x000000007741a000 	C:\Windows\system32\USER32.dll
0x000007fefe620000 - 0x000007fefe687000 	C:\Windows\system32\GDI32.dll
0x000007fefe750000 - 0x000007fefe75e000 	C:\Windows\system32\LPK.dll
0x000007fefd850000 - 0x000007fefd91a000 	C:\Windows\system32\USP10.dll
0x000007fefaef0000 - 0x000007fefb0e4000 	C:\Windows\WinSxS\amd64_microsoft.windows.common-controls_6595b64144ccf1df_6.0.7600.16385_none_fa645303170382f6\COMCTL32.dll
0x000007fefdba0000 - 0x000007fefdc11000 	C:\Windows\system32\SHLWAPI.dll
0x000007fefe550000 - 0x000007fefe57e000 	C:\Windows\system32\IMM32.DLL
0x000007fefd600000 - 0x000007fefd709000 	C:\Windows\system32\MSCTF.dll
0x000007fefd1f0000 - 0x000007fefd221000 	C:\Windows\system32\nvinitx.dll
0x000000000f000000 - 0x000000000f006000 	C:\Program Files\NVIDIA Corporation\CoProcManager\_etoured.dll
0x000007fef9cb0000 - 0x000007fef9d0f000 	C:\Program Files\NVIDIA Corporation\CoProcManager\nvd3d9wrapx.dll
0x000007fefe1f0000 - 0x000007fefe3c7000 	C:\Windows\system32\SETUPAPI.dll
0x000007fefd5c0000 - 0x000007fefd5f6000 	C:\Windows\system32\CFGMGR32.dll
0x000007fefde80000 - 0x000007fefdf57000 	C:\Windows\system32\OLEAUT32.dll
0x000007fefdf60000 - 0x000007fefe161000 	C:\Windows\system32\ole32.dll
0x000007fefd500000 - 0x000007fefd51a000 	C:\Windows\system32\DEVOBJ.dll
0x000007fef9c60000 - 0x000007fef9ca6000 	C:\Program Files\NVIDIA Corporation\CoProcManager\nvdxgiwrapx.dll
0x000000005dd60000 - 0x000000005de31000 	C:\Program Files\Java\jdk1.7.0_07\jre\bin\msvcr100.dll
0x0000000058280000 - 0x000000005899f000 	C:\Program Files\Java\jdk1.7.0_07\jre\bin\server\jvm.dll
0x000007fef8030000 - 0x000007fef8039000 	C:\Windows\system32\WSOCK32.dll
0x000007feff760000 - 0x000007feff7ad000 	C:\Windows\system32\WS2_32.dll
0x000007fefd710000 - 0x000007fefd718000 	C:\Windows\system32\NSI.dll
0x000007fefaa50000 - 0x000007fefaa8b000 	C:\Windows\system32\WINMM.dll
0x0000000077710000 - 0x0000000077717000 	C:\Windows\system32\PSAPI.DLL
0x0000000060460000 - 0x000000006046f000 	C:\Program Files\Java\jdk1.7.0_07\jre\bin\verify.dll
0x000000005eee0000 - 0x000000005ef08000 	C:\Program Files\Java\jdk1.7.0_07\jre\bin\java.dll
0x000000005de70000 - 0x000000005de85000 	C:\Program Files\Java\jdk1.7.0_07\jre\bin\zip.dll
0x00000000580e0000 - 0x0000000058273000 	C:\Program Files\Java\jdk1.7.0_07\jre\bin\awt.dll
0x000007fefa950000 - 0x000007fefa968000 	C:\Windows\system32\DWMAPI.DLL
0x000007fefadb0000 - 0x000007fefae06000 	C:\Windows\system32\uxtheme.dll
0x0000000180000000 - 0x0000000180062000 	C:\Program Files (x86)\kingsoft\kwifi\kwassist64.dll
0x000007fefe760000 - 0x000007feff75a000 	C:\Windows\system32\SHELL32.dll
0x000007fefab90000 - 0x000007fefada5000 	C:\Windows\WinSxS\amd64_microsoft.windows.gdiplus_6595b64144ccf1df_1.1.7600.16385_none_2b4f45e87195fcc4\gdiplus.dll
0x000007fefd0c0000 - 0x000007fefd117000 	C:\Windows\system32\apphelp.dll
0x000007fef6720000 - 0x000007fef6f66000 	C:\Windows\system32\SOGOUPY.IME
0x000007fef9c50000 - 0x000007fef9c57000 	C:\Windows\system32\MSIMG32.dll
0x000007fefa140000 - 0x000007fefa194000 	C:\Windows\system32\OLEACC.dll
0x000007fefbec0000 - 0x000007fefbeed000 	C:\Windows\system32\ntmarta.dll
0x000007fefdb50000 - 0x000007fefdba0000 	C:\Windows\system32\WLDAP32.dll
0x000007fefc340000 - 0x000007fefc34c000 	C:\Windows\system32\VERSION.dll
0x000007fefd120000 - 0x000007fefd12f000 	C:\Windows\system32\CRYPTBASE.dll
0x000007fef5a00000 - 0x000007fef5c24000 	C:\Program Files (x86)\SogouInput\Components\PicFace\1.0.0.1356\PicFace64.dll
0x000007fefd230000 - 0x000007fefd23f000 	C:\Windows\system32\profapi.dll
0x000000005dd20000 - 0x000000005dd54000 	C:\Program Files\Java\jdk1.7.0_07\jre\bin\fontmanager.dll
0x000000005de50000 - 0x000000005de69000 	C:\Program Files\Java\jdk1.7.0_07\jre\bin\net.dll
0x000007fefca60000 - 0x000007fefcab4000 	C:\Windows\system32\mswsock.dll
0x000007fefca50000 - 0x000007fefca57000 	C:\Windows\System32\wship6.dll
0x000000005dd00000 - 0x000000005dd11000 	C:\Program Files\Java\jdk1.7.0_07\jre\bin\nio.dll
0x000000005dcb0000 - 0x000000005dcf1000 	C:\Program Files\Java\jdk1.7.0_07\jre\bin\t2k.dll
0x000000000f130000 - 0x000000000f20d000 	C:\Program Files (x86)\SogouInput\7.7.0.6361\Resource.dll
0x000007fef1940000 - 0x000007fef196b000 	C:\Program Files\Java\jdk1.7.0_07\bin\Jpcap.dll
0x0000000013670000 - 0x00000000136d5000 	C:\Windows\system32\wpcap.dll
0x0000000012990000 - 0x00000000129ae000 	C:\Windows\system32\packet.dll
0x000007fefbc30000 - 0x000007fefbc57000 	C:\Windows\system32\iphlpapi.dll
0x000007fefbc10000 - 0x000007fefbc1b000 	C:\Windows\system32\WINNSI.DLL
0x000007fefba20000 - 0x000007fefba38000 	C:\Windows\system32\dhcpcsvc.DLL
0x000007fefba00000 - 0x000007fefba11000 	C:\Windows\system32\dhcpcsvc6.DLL
0x000007fefe580000 - 0x000007fefe619000 	C:\Windows\system32\CLBCatQ.DLL
0x000007fefa790000 - 0x000007fefa8ba000 	C:\Windows\system32\WindowsCodecs.dll
0x000007fef4780000 - 0x000007fef47b5000 	C:\Windows\system32\EhStorShell.dll
0x000007fefbf00000 - 0x000007fefc02c000 	C:\Windows\system32\PROPSYS.dll
0x000007fef4700000 - 0x000007fef477e000 	C:\Windows\System32\cscui.dll
0x000007fef46f0000 - 0x000007fef46fc000 	C:\Windows\System32\CSCDLL.dll
0x000007fef7260000 - 0x000007fef726f000 	C:\Windows\system32\CSCAPI.dll
0x000007fef7270000 - 0x000007fef72f0000 	C:\Windows\system32\ntshrui.dll
0x000007fefcd60000 - 0x000007fefcd83000 	C:\Windows\system32\srvcli.dll
0x000007fefbd60000 - 0x000007fefbd6b000 	C:\Windows\system32\slc.dll
0x000007fef8260000 - 0x000007fef8385000 	C:\Windows\system32\dbghelp.dll

VM Arguments:
jvm_args: -Dfile.encoding=UTF-8 
java_command: test.JFrameMain
Launcher Type: SUN_STANDARD

Environment Variables:
JAVA_HOME=C:\Program Files\Java\jdk1.7.0_07
CLASSPATH=.;C:\Program Files\Java\jdk1.7.0_07\lib
PATH=C:\Program Files (x86)\NVIDIA Corporation\PhysX\Common;D:\Users\martian\Documents\product\11.2.0\dbhome_1\bin;C:\Program Files\Common Files\Microsoft Shared\Windows Live;C:\Program Files (x86)\Intel\iCLS Client\;C:\Program Files\Intel\iCLS Client\;C:\Windows\system32;C:\Windows;C:\Windows\System32\Wbem;C:\Windows\System32\WindowsPowerShell\v1.0\;C:\Program Files\Intel\Intel(R) Management Engine Components\DAL;C:\Program Files\Intel\Intel(R) Management Engine Components\IPT;C:\Program Files (x86)\Intel\Intel(R) Management Engine Components\DAL;C:\Program Files (x86)\Intel\Intel(R) Management Engine Components\IPT;C:\Program Files\Java\jdk1.7.0_07\bin;D:\Program Files (x86)\VisualSVN Server\bin;;C:\Program Files\Java\jdk1.7.0_07\bin;C:\Program Files\MySQL\MySQL Server 5.6\bin
USERNAME=martian
OS=Windows_NT
PROCESSOR_IDENTIFIER=Intel64 Family 6 Model 60 Stepping 3, GenuineIntel



---------------  S Y S T E M  ---------------

OS: Windows 7 , 64 bit Build 7600 

CPU:total 8 (4 cores per cpu, 2 threads per core) family 6 model 60 stepping 3, cmov, cx8, fxsr, mmx, sse, sse2, sse3, ssse3, sse4.1, sse4.2, popcnt, ht, tsc, tscinvbit

Memory: 4k page, physical 8294180k(3893884k free), swap 16586464k(11389896k free)

vm_info: Java HotSpot(TM) 64-Bit Server VM (23.3-b01) for windows-amd64 JRE (1.7.0_07-b10), built on Aug 28 2012 18:28:27 by "java_re" with unknown MS VC++:1600

time: Thu Sep 10 20:56:03 2015
elapsed time: 26 seconds

